{"D:\\Advance rename\\SAP\\client\\src\\component\\Practice.tsx": {"path":"D:\\Advance rename\\SAP\\client\\src\\component\\Practice.tsx","statementMap":{"0":{"start":{"line":9,"column":0},"end":{"line":9,"column":24}},"1":{"start":{"line":1,"column":0},"end":{"line":1,"column":40}},"2":{"start":{"line":3,"column":14},"end":{"line":7,"column":2}},"3":{"start":{"line":4,"column":2},"end":{"line":4,"column":32}},"4":{"start":{"line":6,"column":2},"end":{"line":6,"column":39}},"5":{"start":{"line":10,"column":28},"end":{"line":10,"column":39}},"6":{"start":{"line":11,"column":26},"end":{"line":11,"column":38}},"7":{"start":{"line":13,"column":2},"end":{"line":29,"column":4}},"8":{"start":{"line":17,"column":29},"end":{"line":17,"column":48}},"9":{"start":{"line":23,"column":25},"end":{"line":23,"column":48}}},"fnMap":{"0":{"name":"Child","decl":{"start":{"line":3,"column":34},"end":{"line":3,"column":39}},"loc":{"start":{"line":3,"column":64},"end":{"line":7,"column":1}}},"1":{"name":"Practice","decl":{"start":{"line":9,"column":24},"end":{"line":9,"column":32}},"loc":{"start":{"line":9,"column":32},"end":{"line":30,"column":1}}},"2":{"name":"(anonymous_11)","decl":{"start":{"line":17,"column":23},"end":{"line":17,"column":26}},"loc":{"start":{"line":17,"column":29},"end":{"line":17,"column":48}}},"3":{"name":"(anonymous_12)","decl":{"start":{"line":23,"column":18},"end":{"line":23,"column":19}},"loc":{"start":{"line":23,"column":25},"end":{"line":23,"column":48}}}},"branchMap":{},"s":{"0":1,"1":1,"2":1,"3":1,"4":1,"5":1,"6":1,"7":1,"8":0,"9":0},"f":{"0":1,"1":1,"2":0,"3":0},"b":{}}
}
