{"D:\\Advance rename\\SAP\\client\\src\\component\\Practice.tsx": {"path":"D:\\Advance rename\\SAP\\client\\src\\component\\Practice.tsx","statementMap":{"0":{"start":{"line":4,"column":2},"end":{"line":14,"column":null}},"1":{"start":{"line":5,"column":25},"end":{"line":7,"column":null}},"2":{"start":{"line":6,"column":6},"end":{"line":6,"column":null}},"3":{"start":{"line":9,"column":4},"end":{"line":9,"column":null}},"4":{"start":{"line":11,"column":4},"end":{"line":13,"column":null}},"5":{"start":{"line":12,"column":6},"end":{"line":12,"column":null}},"6":{"start":{"line":16,"column":2},"end":{"line":16,"column":null}}},"fnMap":{"0":{"name":"Practice","decl":{"start":{"line":3,"column":24},"end":{"line":3,"column":null}},"loc":{"start":{"line":3,"column":24},"end":{"line":17,"column":null}},"line":3},"1":{"name":"(anonymous_1)","decl":{"start":{"line":4,"column":12},"end":{"line":4,"column":null}},"loc":{"start":{"line":4,"column":12},"end":{"line":14,"column":5}},"line":4},"2":{"name":"(anonymous_2)","decl":{"start":{"line":5,"column":25},"end":{"line":5,"column":null}},"loc":{"start":{"line":5,"column":25},"end":{"line":7,"column":null}},"line":5},"3":{"name":"(anonymous_3)","decl":{"start":{"line":11,"column":11},"end":{"line":11,"column":null}},"loc":{"start":{"line":11,"column":11},"end":{"line":13,"column":null}},"line":11}},"branchMap":{},"s":{"0":1,"1":1,"2":1,"3":1,"4":1,"5":1,"6":1},"f":{"0":1,"1":1,"2":1,"3":1},"b":{},"meta":{"lastBranch":0,"lastFunction":4,"lastStatement":7,"seen":{"f:3:24:3:Infinity":0,"s:4:2:14:Infinity":0,"f:4:12:4:Infinity":1,"s:5:25:7:Infinity":1,"f:5:25:5:Infinity":2,"s:6:6:6:Infinity":2,"s:9:4:9:Infinity":3,"s:11:4:13:Infinity":4,"f:11:11:11:Infinity":3,"s:12:6:12:Infinity":5,"s:16:2:16:Infinity":6}}}
}
